{
  "stats": {
    "suites": 6,
    "tests": 13,
    "passes": 13,
    "pending": 0,
    "failures": 0,
    "start": "2025-11-29T09:47:50.037Z",
    "end": "2025-11-29T09:48:39.681Z",
    "duration": 49644,
    "testsRegistered": 13,
    "passPercent": 100,
    "pendingPercent": 0,
    "other": 0,
    "hasOther": false,
    "skipped": 0,
    "hasSkipped": false
  },
  "results": [
    {
      "uuid": "867ebda3-1ee4-43d1-b46f-78b0bc1eae88",
      "title": "",
      "fullFile": "cypress\\e2e\\product.cy.js",
      "file": "cypress\\e2e\\product.cy.js",
      "beforeHooks": [],
      "afterHooks": [],
      "tests": [],
      "suites": [
        {
          "uuid": "42b978f4-686b-495f-b220-dc42f030855e",
          "title": "Product CRUD Operations - Professional",
          "fullFile": "",
          "file": "",
          "beforeHooks": [],
          "afterHooks": [],
          "tests": [],
          "suites": [
            {
              "uuid": "f31dd779-8b53-45f3-9c1c-59fb33a31c0b",
              "title": "Create Product Operations",
              "fullFile": "",
              "file": "",
              "beforeHooks": [],
              "afterHooks": [],
              "tests": [
                {
                  "title": "TC1 [Create Success] - Nên tạo sản phẩm mới thành công",
                  "fullTitle": "Product CRUD Operations - Professional Create Product Operations TC1 [Create Success] - Nên tạo sản phẩm mới thành công",
                  "timedOut": null,
                  "duration": 6734,
                  "state": "passed",
                  "speed": "medium",
                  "pass": true,
                  "fail": false,
                  "pending": false,
                  "context": null,
                  "code": "productPage.clickAddNew();\nproductPage.fillProductForm(testProduct);\nproductPage.submitForm();\ncy.wait(1000);\nproductPage.getSuccessMessage().should('contain', 'thành công');\nproductPage.getProductInList(testProduct.name).should('exist');",
                  "err": {},
                  "uuid": "d6df00a8-16c9-4913-9e3c-cc03b4884931",
                  "parentUUID": "f31dd779-8b53-45f3-9c1c-59fb33a31c0b",
                  "isHook": false,
                  "skipped": false
                },
                {
                  "title": "TC2 [Create Validation] - Nên hiển thị lỗi khi tên sản phẩm trống",
                  "fullTitle": "Product CRUD Operations - Professional Create Product Operations TC2 [Create Validation] - Nên hiển thị lỗi khi tên sản phẩm trống",
                  "timedOut": null,
                  "duration": 3879,
                  "state": "passed",
                  "speed": "fast",
                  "pass": true,
                  "fail": false,
                  "pending": false,
                  "context": null,
                  "code": "productPage.clickAddNew();\nproductPage.fillProductForm({\n  price: testProduct.price,\n  quantity: testProduct.quantity,\n  category: testProduct.category\n});\nproductPage.submitForm();\nproductPage.getModal().should('exist');\nproductPage.cancelForm();",
                  "err": {},
                  "uuid": "29755cd4-843d-44ec-b250-777222329381",
                  "parentUUID": "f31dd779-8b53-45f3-9c1c-59fb33a31c0b",
                  "isHook": false,
                  "skipped": false
                }
              ],
              "suites": [],
              "passes": [
                "d6df00a8-16c9-4913-9e3c-cc03b4884931",
                "29755cd4-843d-44ec-b250-777222329381"
              ],
              "failures": [],
              "pending": [],
              "skipped": [],
              "duration": 10613,
              "root": false,
              "rootEmpty": false,
              "_timeout": 2000
            },
            {
              "uuid": "08282c52-8c4c-4c60-82d6-ee6a3abc6c14",
              "title": "Read Product Operations",
              "fullFile": "",
              "file": "",
              "beforeHooks": [],
              "afterHooks": [],
              "tests": [
                {
                  "title": "TC3 [Read List] - Nên hiển thị danh sách sản phẩm",
                  "fullTitle": "Product CRUD Operations - Professional Read Product Operations TC3 [Read List] - Nên hiển thị danh sách sản phẩm",
                  "timedOut": null,
                  "duration": 2612,
                  "state": "passed",
                  "speed": "fast",
                  "pass": true,
                  "fail": false,
                  "pending": false,
                  "context": null,
                  "code": "cy.get('table').should('exist');\ncy.contains('th', 'Mã sản phẩm').should('exist');\ncy.contains('th', 'Tên sản phẩm').should('exist');\ncy.get('[data-testid=\"product-item\"]').should('have.length.at.least', 1);",
                  "err": {},
                  "uuid": "5a610b18-cfd8-4f06-adfe-b41856e5c4c5",
                  "parentUUID": "08282c52-8c4c-4c60-82d6-ee6a3abc6c14",
                  "isHook": false,
                  "skipped": false
                },
                {
                  "title": "TC4 [Read Detail] - Nên hiển thị chi tiết sản phẩm",
                  "fullTitle": "Product CRUD Operations - Professional Read Product Operations TC4 [Read Detail] - Nên hiển thị chi tiết sản phẩm",
                  "timedOut": null,
                  "duration": 3278,
                  "state": "passed",
                  "speed": "fast",
                  "pass": true,
                  "fail": false,
                  "pending": false,
                  "context": null,
                  "code": "productPage.clickViewDetailOnProduct(testProduct.name);\ncy.get('.modal-detail').should('be.visible');\nproductPage.closeDetailModal();",
                  "err": {},
                  "uuid": "79db9251-185f-4cad-ac7c-1eb9a7ab83a7",
                  "parentUUID": "08282c52-8c4c-4c60-82d6-ee6a3abc6c14",
                  "isHook": false,
                  "skipped": false
                }
              ],
              "suites": [],
              "passes": [
                "5a610b18-cfd8-4f06-adfe-b41856e5c4c5",
                "79db9251-185f-4cad-ac7c-1eb9a7ab83a7"
              ],
              "failures": [],
              "pending": [],
              "skipped": [],
              "duration": 5890,
              "root": false,
              "rootEmpty": false,
              "_timeout": 2000
            },
            {
              "uuid": "420037e1-c367-4c97-8d1f-7c3701738249",
              "title": "Update Product Operations",
              "fullFile": "",
              "file": "",
              "beforeHooks": [],
              "afterHooks": [],
              "tests": [
                {
                  "title": "TC5 [Update Success] - Nên cập nhật sản phẩm thành công",
                  "fullTitle": "Product CRUD Operations - Professional Update Product Operations TC5 [Update Success] - Nên cập nhật sản phẩm thành công",
                  "timedOut": null,
                  "duration": 4459,
                  "state": "passed",
                  "speed": "fast",
                  "pass": true,
                  "fail": false,
                  "pending": false,
                  "context": null,
                  "code": "productPage.clickEditOnProduct(testProduct.name);\nproductPage.fillProductForm({\n  price: testProduct.updatedPrice\n});\nproductPage.submitForm();\ncy.wait(1000);\nproductPage.getSuccessMessage().should('contain', 'thành công');\nproductPage.getProductInList(testProduct.name).within(() => {\n  cy.get('[data-testid=\"product-price\"]').should('contain', '14.000.000');\n});",
                  "err": {},
                  "uuid": "9016d768-d738-4406-9bac-9f94577b1d76",
                  "parentUUID": "420037e1-c367-4c97-8d1f-7c3701738249",
                  "isHook": false,
                  "skipped": false
                },
                {
                  "title": "TC6 [Update Cancel] - Nên giữ nguyên khi hủy cập nhật",
                  "fullTitle": "Product CRUD Operations - Professional Update Product Operations TC6 [Update Cancel] - Nên giữ nguyên khi hủy cập nhật",
                  "timedOut": null,
                  "duration": 3556,
                  "state": "passed",
                  "speed": "fast",
                  "pass": true,
                  "fail": false,
                  "pending": false,
                  "context": null,
                  "code": "productPage.clickEditOnProduct(testProduct.name);\nproductPage.fillProductForm({\n  name: 'Temporary Name'\n});\nproductPage.cancelForm();\nproductPage.getProductInList(testProduct.name).should('exist');\ncy.contains('Temporary Name').should('not.exist');",
                  "err": {},
                  "uuid": "30e45073-e370-4b67-a39e-1741916e0040",
                  "parentUUID": "420037e1-c367-4c97-8d1f-7c3701738249",
                  "isHook": false,
                  "skipped": false
                }
              ],
              "suites": [],
              "passes": [
                "9016d768-d738-4406-9bac-9f94577b1d76",
                "30e45073-e370-4b67-a39e-1741916e0040"
              ],
              "failures": [],
              "pending": [],
              "skipped": [],
              "duration": 8015,
              "root": false,
              "rootEmpty": false,
              "_timeout": 2000
            },
            {
              "uuid": "2f7f977b-1766-4195-b3a8-28fe22dda66a",
              "title": "Delete Product Operations",
              "fullFile": "",
              "file": "",
              "beforeHooks": [],
              "afterHooks": [],
              "tests": [
                {
                  "title": "TC7 [Delete Cancel] - Nên hủy xóa sản phẩm",
                  "fullTitle": "Product CRUD Operations - Professional Delete Product Operations TC7 [Delete Cancel] - Nên hủy xóa sản phẩm",
                  "timedOut": null,
                  "duration": 2700,
                  "state": "passed",
                  "speed": "fast",
                  "pass": true,
                  "fail": false,
                  "pending": false,
                  "context": null,
                  "code": "productPage.clickDeleteOnProduct(testProduct.name);\nproductPage.cancelDelete();\nproductPage.getProductInList(testProduct.name).should('exist');",
                  "err": {},
                  "uuid": "caaf3526-e9dd-4bc4-8ee6-1c7818e24098",
                  "parentUUID": "2f7f977b-1766-4195-b3a8-28fe22dda66a",
                  "isHook": false,
                  "skipped": false
                },
                {
                  "title": "TC8 [Delete Success] - Nên xóa sản phẩm thành công",
                  "fullTitle": "Product CRUD Operations - Professional Delete Product Operations TC8 [Delete Success] - Nên xóa sản phẩm thành công",
                  "timedOut": null,
                  "duration": 4301,
                  "state": "passed",
                  "speed": "fast",
                  "pass": true,
                  "fail": false,
                  "pending": false,
                  "context": null,
                  "code": "productPage.clickDeleteOnProduct(testProduct.name);\nproductPage.confirmDelete();\ncy.wait(1000);\nproductPage.getSuccessMessage().should('contain', 'thành công');\nproductPage.getProductInList(testProduct.name).should('not.exist');",
                  "err": {},
                  "uuid": "676b7445-241d-499b-9a7b-60c075dbfd4b",
                  "parentUUID": "2f7f977b-1766-4195-b3a8-28fe22dda66a",
                  "isHook": false,
                  "skipped": false
                }
              ],
              "suites": [],
              "passes": [
                "caaf3526-e9dd-4bc4-8ee6-1c7818e24098",
                "676b7445-241d-499b-9a7b-60c075dbfd4b"
              ],
              "failures": [],
              "pending": [],
              "skipped": [],
              "duration": 7001,
              "root": false,
              "rootEmpty": false,
              "_timeout": 2000
            },
            {
              "uuid": "3edda8eb-b9b5-42d5-a812-ddb1c505ba0d",
              "title": "Search/Filter Operations",
              "fullFile": "",
              "file": "",
              "beforeHooks": [],
              "afterHooks": [],
              "tests": [
                {
                  "title": "TC9 [Search Functionality] - Nên tìm kiếm sản phẩm theo tên",
                  "fullTitle": "Product CRUD Operations - Professional Search/Filter Operations TC9 [Search Functionality] - Nên tìm kiếm sản phẩm theo tên",
                  "timedOut": null,
                  "duration": 2910,
                  "state": "passed",
                  "speed": "fast",
                  "pass": true,
                  "fail": false,
                  "pending": false,
                  "context": null,
                  "code": "const searchTerm = \"Laptop\";\nproductPage.searchProduct(searchTerm);\nproductPage.getAllProductItems().each($item => {\n  productPage.getProductNameInRow($item).invoke('text').should('include', searchTerm);\n});\nproductPage.getSearchResultsCount().should('contain', 'Tìm thấy');",
                  "err": {},
                  "uuid": "03f4dccf-cf5e-43ca-8150-2480989bb885",
                  "parentUUID": "3edda8eb-b9b5-42d5-a812-ddb1c505ba0d",
                  "isHook": false,
                  "skipped": false
                },
                {
                  "title": "TC10 [Filter by Category] - Nên lọc sản phẩm theo danh mục",
                  "fullTitle": "Product CRUD Operations - Professional Search/Filter Operations TC10 [Filter by Category] - Nên lọc sản phẩm theo danh mục",
                  "timedOut": null,
                  "duration": 3771,
                  "state": "passed",
                  "speed": "fast",
                  "pass": true,
                  "fail": false,
                  "pending": false,
                  "context": null,
                  "code": "productPage.filterByCategory('electronics');\ncy.wait(1000);\ncy.get('[data-testid=\"product-item\"] .badge').each($badge => {\n  cy.wrap($badge).should('contain', 'Điện tử');\n});",
                  "err": {},
                  "uuid": "fb27629a-5e82-4a6c-8b7b-8335d08b5f89",
                  "parentUUID": "3edda8eb-b9b5-42d5-a812-ddb1c505ba0d",
                  "isHook": false,
                  "skipped": false
                },
                {
                  "title": "TC11 [Search No Results] - Nên hiển thị thông báo khi không tìm thấy kết quả",
                  "fullTitle": "Product CRUD Operations - Professional Search/Filter Operations TC11 [Search No Results] - Nên hiển thị thông báo khi không tìm thấy kết quả",
                  "timedOut": null,
                  "duration": 3432,
                  "state": "passed",
                  "speed": "fast",
                  "pass": true,
                  "fail": false,
                  "pending": false,
                  "context": null,
                  "code": "productPage.searchProduct('NonexistentProductName12345');\nproductPage.getNoResultsMessage().should('be.visible');\nproductPage.getAllProductItems().should('not.exist');",
                  "err": {},
                  "uuid": "0df9bed2-c4be-495a-96b4-0f2c5a554918",
                  "parentUUID": "3edda8eb-b9b5-42d5-a812-ddb1c505ba0d",
                  "isHook": false,
                  "skipped": false
                },
                {
                  "title": "TC12 [Combined Search and Filter] - Nên kết hợp tìm kiếm và lọc danh mục",
                  "fullTitle": "Product CRUD Operations - Professional Search/Filter Operations TC12 [Combined Search and Filter] - Nên kết hợp tìm kiếm và lọc danh mục",
                  "timedOut": null,
                  "duration": 2987,
                  "state": "passed",
                  "speed": "fast",
                  "pass": true,
                  "fail": false,
                  "pending": false,
                  "context": null,
                  "code": "const searchTerm = \"Laptop\";\nproductPage.searchProduct(searchTerm);\nproductPage.filterByCategory('electronics');\nproductPage.getAllProductItems().each($item => {\n  productPage.getProductNameInRow($item).invoke('text').should('include', searchTerm);\n  productPage.getProductCategoryInRow($item).should('contain', 'Điện tử');\n});",
                  "err": {},
                  "uuid": "b1390d33-770c-409e-aefc-4d93dbf94b52",
                  "parentUUID": "3edda8eb-b9b5-42d5-a812-ddb1c505ba0d",
                  "isHook": false,
                  "skipped": false
                },
                {
                  "title": "TC13 [Clear Search] - Nên hiển thị lại tất cả sản phẩm khi xóa tìm kiếm",
                  "fullTitle": "Product CRUD Operations - Professional Search/Filter Operations TC13 [Clear Search] - Nên hiển thị lại tất cả sản phẩm khi xóa tìm kiếm",
                  "timedOut": null,
                  "duration": 3386,
                  "state": "passed",
                  "speed": "fast",
                  "pass": true,
                  "fail": false,
                  "pending": false,
                  "context": null,
                  "code": "productPage.searchProduct('Laptop');\nproductPage.clearSearch();\nproductPage.getAllProductItems().should('have.length.at.least', 1);\ncy.contains('Tất cả danh mục').should('be.visible');",
                  "err": {},
                  "uuid": "e668e74f-0be5-494b-8399-3c480dc1a0a1",
                  "parentUUID": "3edda8eb-b9b5-42d5-a812-ddb1c505ba0d",
                  "isHook": false,
                  "skipped": false
                }
              ],
              "suites": [],
              "passes": [
                "03f4dccf-cf5e-43ca-8150-2480989bb885",
                "fb27629a-5e82-4a6c-8b7b-8335d08b5f89",
                "0df9bed2-c4be-495a-96b4-0f2c5a554918",
                "b1390d33-770c-409e-aefc-4d93dbf94b52",
                "e668e74f-0be5-494b-8399-3c480dc1a0a1"
              ],
              "failures": [],
              "pending": [],
              "skipped": [],
              "duration": 16486,
              "root": false,
              "rootEmpty": false,
              "_timeout": 2000
            }
          ],
          "passes": [],
          "failures": [],
          "pending": [],
          "skipped": [],
          "duration": 0,
          "root": false,
          "rootEmpty": false,
          "_timeout": 2000
        }
      ],
      "passes": [],
      "failures": [],
      "pending": [],
      "skipped": [],
      "duration": 0,
      "root": true,
      "rootEmpty": true,
      "_timeout": 2000
    }
  ],
  "meta": {
    "mocha": {
      "version": "7.2.0"
    },
    "mochawesome": {
      "options": {
        "quiet": false,
        "reportFilename": "mochawesome",
        "saveHtml": true,
        "saveJson": true,
        "consoleReporter": "spec",
        "useInlineDiffs": false,
        "code": true
      },
      "version": "7.1.4"
    },
    "marge": {
      "options": {
        "reportDir": "cypress/reports",
        "overwrite": false,
        "html": true,
        "json": true
      },
      "version": "6.3.2"
    }
  }
}