{
  "stats": {
    "suites": 6,
    "tests": 25,
    "passes": 25,
    "pending": 0,
    "failures": 0,
    "start": "2025-11-29T12:26:15.517Z",
    "end": "2025-11-29T12:26:58.299Z",
    "duration": 42782,
    "testsRegistered": 25,
    "passPercent": 100,
    "pendingPercent": 0,
    "other": 0,
    "hasOther": false,
    "skipped": 0,
    "hasSkipped": false
  },
  "results": [
    {
      "uuid": "c69372bf-40b7-4a6c-85bb-f080ae88b8e4",
      "title": "",
      "fullFile": "cypress\\e2e\\login.cy.js",
      "file": "cypress\\e2e\\login.cy.js",
      "beforeHooks": [],
      "afterHooks": [],
      "tests": [],
      "suites": [
        {
          "uuid": "cedc4337-8384-4509-b522-b1db3103877e",
          "title": "Login E2E Tests - Professional",
          "fullFile": "",
          "file": "",
          "beforeHooks": [],
          "afterHooks": [],
          "tests": [],
          "suites": [
            {
              "uuid": "83ea45cb-bc07-4414-9bd9-bbbc85acc7ac",
              "title": "Complete Login Flow",
              "fullFile": "",
              "file": "",
              "beforeHooks": [],
              "afterHooks": [],
              "tests": [
                {
                  "title": "TC1 [Login UI] - Nên hiển thị form login đầy đủ",
                  "fullTitle": "Login E2E Tests - Professional Complete Login Flow TC1 [Login UI] - Nên hiển thị form login đầy đủ",
                  "timedOut": null,
                  "duration": 978,
                  "state": "passed",
                  "speed": "fast",
                  "pass": true,
                  "fail": false,
                  "pending": false,
                  "context": null,
                  "code": "// Kiểm tra các elements chính\nloginPage.getUsernameInput().should('be.visible');\nloginPage.getPasswordInput().should('be.visible');\nloginPage.getLoginButton().should('be.visible');\nloginPage.getShowPasswordButton().should('be.visible');\n// Kiểm tra placeholder\nloginPage.getUsernameInput().should('have.attr', 'placeholder', 'Username');\nloginPage.getPasswordInput().should('have.attr', 'placeholder', 'Password');\n// Kiểm tra type của password input\nloginPage.verifyPasswordType('password');\n// Kiểm tra button text\nloginPage.getLoginButton().should('contain', 'Sign in');",
                  "err": {},
                  "uuid": "fc6841d1-8450-47b9-bc05-fcb4b31b4811",
                  "parentUUID": "83ea45cb-bc07-4414-9bd9-bbbc85acc7ac",
                  "isHook": false,
                  "skipped": false
                },
                {
                  "title": "TC2 [Login Success] - Nên login thành công với credentials hợp lệ",
                  "fullTitle": "Login E2E Tests - Professional Complete Login Flow TC2 [Login Success] - Nên login thành công với credentials hợp lệ",
                  "timedOut": null,
                  "duration": 2482,
                  "state": "passed",
                  "speed": "fast",
                  "pass": true,
                  "fail": false,
                  "pending": false,
                  "context": null,
                  "code": "loginPage.login(validCredentials.username, validCredentials.password);\ncy.wait(1000);\n// Kiểm tra thông báo thành công\ncy.on('window:alert', text => {\n  expect(text).to.contains('thanh cong');\n});\n// Kiểm tra chuyển hướng\nloginPage.verifyRedirectToDashboard();\n// Kiểm tra localStorage\ncy.window().then(win => {\n  expect(win.localStorage.getItem('isLoggedIn')).to.eq('true');\n  expect(win.localStorage.getItem('authToken')).to.exist;\n});",
                  "err": {},
                  "uuid": "3551fa9a-a53d-4229-ae41-7900ec0d7b69",
                  "parentUUID": "83ea45cb-bc07-4414-9bd9-bbbc85acc7ac",
                  "isHook": false,
                  "skipped": false
                },
                {
                  "title": "TC3 [Login Error] - Nên hiển thị lỗi với credentials không hợp lệ",
                  "fullTitle": "Login E2E Tests - Professional Complete Login Flow TC3 [Login Error] - Nên hiển thị lỗi với credentials không hợp lệ",
                  "timedOut": null,
                  "duration": 1716,
                  "state": "passed",
                  "speed": "fast",
                  "pass": true,
                  "fail": false,
                  "pending": false,
                  "context": null,
                  "code": "loginPage.login('wronguser', 'wrongpass');\ncy.wait(500);\ncy.on('window:alert', text => {\n  expect(text).to.not.contains('thanh cong');\n});\n// Không chuyển trang\ncy.url().should('not.include', '/products');",
                  "err": {},
                  "uuid": "e7cdeba4-2c32-4dbc-85cc-9773452c979f",
                  "parentUUID": "83ea45cb-bc07-4414-9bd9-bbbc85acc7ac",
                  "isHook": false,
                  "skipped": false
                }
              ],
              "suites": [],
              "passes": [
                "fc6841d1-8450-47b9-bc05-fcb4b31b4811",
                "3551fa9a-a53d-4229-ae41-7900ec0d7b69",
                "e7cdeba4-2c32-4dbc-85cc-9773452c979f"
              ],
              "failures": [],
              "pending": [],
              "skipped": [],
              "duration": 5176,
              "root": false,
              "rootEmpty": false,
              "_timeout": 2000
            },
            {
              "uuid": "577464c7-87d1-43f2-a32e-3f89a171b692",
              "title": "Validation Messages",
              "fullFile": "",
              "file": "",
              "beforeHooks": [],
              "afterHooks": [],
              "tests": [
                {
                  "title": "TC4 [Username Empty] - Nên hiển thị lỗi khi username trống",
                  "fullTitle": "Login E2E Tests - Professional Validation Messages TC4 [Username Empty] - Nên hiển thị lỗi khi username trống",
                  "timedOut": null,
                  "duration": 959,
                  "state": "passed",
                  "speed": "fast",
                  "pass": true,
                  "fail": false,
                  "pending": false,
                  "context": null,
                  "code": "loginPage.fillLoginForm('', validCredentials.password);\nloginPage.clickLogin();\ncy.on('window:alert', text => {\n  expect(text).to.eq('Ten dang nhap khong duoc de trong');\n});",
                  "err": {},
                  "uuid": "4c6f6879-1d23-4a64-bf8c-d07da1e5a7e7",
                  "parentUUID": "577464c7-87d1-43f2-a32e-3f89a171b692",
                  "isHook": false,
                  "skipped": false
                },
                {
                  "title": "TC5 [Username Too Short] - Nên hiển thị lỗi khi username quá ngắn",
                  "fullTitle": "Login E2E Tests - Professional Validation Messages TC5 [Username Too Short] - Nên hiển thị lỗi khi username quá ngắn",
                  "timedOut": null,
                  "duration": 932,
                  "state": "passed",
                  "speed": "fast",
                  "pass": true,
                  "fail": false,
                  "pending": false,
                  "context": null,
                  "code": "loginPage.fillLoginForm(invalidCredentials.shortUsername, validCredentials.password);\nloginPage.clickLogin();\ncy.on('window:alert', text => {\n  expect(text).to.eq('Ten dang nhap phai co do dai tu 3-50 ky tu');\n});",
                  "err": {},
                  "uuid": "1e1b6e2c-8698-4271-bf13-01d39df67d97",
                  "parentUUID": "577464c7-87d1-43f2-a32e-3f89a171b692",
                  "isHook": false,
                  "skipped": false
                },
                {
                  "title": "TC6 [Username Too Long] - Nên hiển thị lỗi khi username quá dài",
                  "fullTitle": "Login E2E Tests - Professional Validation Messages TC6 [Username Too Long] - Nên hiển thị lỗi khi username quá dài",
                  "timedOut": null,
                  "duration": 2193,
                  "state": "passed",
                  "speed": "fast",
                  "pass": true,
                  "fail": false,
                  "pending": false,
                  "context": null,
                  "code": "loginPage.fillLoginForm(invalidCredentials.longUsername, validCredentials.password);\nloginPage.clickLogin();\ncy.on('window:alert', text => {\n  expect(text).to.eq('Ten dang nhap phai co do dai tu 3-50 ky tu');\n});",
                  "err": {},
                  "uuid": "69944ef8-88f1-4188-a1a2-9adb2f5da2b4",
                  "parentUUID": "577464c7-87d1-43f2-a32e-3f89a171b692",
                  "isHook": false,
                  "skipped": false
                },
                {
                  "title": "TC7 [Username Special Chars] - Nên hiển thị lỗi khi username có ký tự đặc biệt",
                  "fullTitle": "Login E2E Tests - Professional Validation Messages TC7 [Username Special Chars] - Nên hiển thị lỗi khi username có ký tự đặc biệt",
                  "timedOut": null,
                  "duration": 1109,
                  "state": "passed",
                  "speed": "fast",
                  "pass": true,
                  "fail": false,
                  "pending": false,
                  "context": null,
                  "code": "loginPage.fillLoginForm(invalidCredentials.specialCharUsername, validCredentials.password);\nloginPage.clickLogin();\ncy.on('window:alert', text => {\n  expect(text).to.eq('Username chi chua cac ky tu a-z, A-Z, 0-9 và \"_\"');\n});",
                  "err": {},
                  "uuid": "36092951-24c8-4ad4-bd50-7b1cdafb8397",
                  "parentUUID": "577464c7-87d1-43f2-a32e-3f89a171b692",
                  "isHook": false,
                  "skipped": false
                },
                {
                  "title": "TC8 [Username With Space] - Nên hiển thị lỗi khi username có khoảng trắng",
                  "fullTitle": "Login E2E Tests - Professional Validation Messages TC8 [Username With Space] - Nên hiển thị lỗi khi username có khoảng trắng",
                  "timedOut": null,
                  "duration": 1069,
                  "state": "passed",
                  "speed": "fast",
                  "pass": true,
                  "fail": false,
                  "pending": false,
                  "context": null,
                  "code": "loginPage.fillLoginForm(invalidCredentials.spaceUsername, validCredentials.password);\nloginPage.clickLogin();\ncy.on('window:alert', text => {\n  expect(text).to.eq('Username khong ton tai khoang trang');\n});",
                  "err": {},
                  "uuid": "bcfdad8f-b218-4de4-beaa-eb4fa83e214b",
                  "parentUUID": "577464c7-87d1-43f2-a32e-3f89a171b692",
                  "isHook": false,
                  "skipped": false
                },
                {
                  "title": "TC9 [Password Empty] - Nên hiển thị lỗi khi password trống",
                  "fullTitle": "Login E2E Tests - Professional Validation Messages TC9 [Password Empty] - Nên hiển thị lỗi khi password trống",
                  "timedOut": null,
                  "duration": 829,
                  "state": "passed",
                  "speed": "fast",
                  "pass": true,
                  "fail": false,
                  "pending": false,
                  "context": null,
                  "code": "loginPage.fillLoginForm(validCredentials.username, '');\nloginPage.clickLogin();\ncy.on('window:alert', text => {\n  expect(text).to.eq('Password khong duoc de trong');\n});",
                  "err": {},
                  "uuid": "013ade4c-20b4-4cf6-826c-ee95e1d4ca1b",
                  "parentUUID": "577464c7-87d1-43f2-a32e-3f89a171b692",
                  "isHook": false,
                  "skipped": false
                },
                {
                  "title": "TC10 [Password Too Short] - Nên hiển thị lỗi khi password quá ngắn",
                  "fullTitle": "Login E2E Tests - Professional Validation Messages TC10 [Password Too Short] - Nên hiển thị lỗi khi password quá ngắn",
                  "timedOut": null,
                  "duration": 1238,
                  "state": "passed",
                  "speed": "fast",
                  "pass": true,
                  "fail": false,
                  "pending": false,
                  "context": null,
                  "code": "loginPage.fillLoginForm(validCredentials.username, invalidCredentials.shortPassword);\nloginPage.clickLogin();\ncy.on('window:alert', text => {\n  expect(text).to.eq('Password co do dai tu 6-100 ky tu');\n});",
                  "err": {},
                  "uuid": "0474bde3-9017-4ae9-8a52-99e28df56aba",
                  "parentUUID": "577464c7-87d1-43f2-a32e-3f89a171b692",
                  "isHook": false,
                  "skipped": false
                },
                {
                  "title": "TC11 [Password Too Long] - Nên hiển thị lỗi khi password quá dài",
                  "fullTitle": "Login E2E Tests - Professional Validation Messages TC11 [Password Too Long] - Nên hiển thị lỗi khi password quá dài",
                  "timedOut": null,
                  "duration": 2916,
                  "state": "passed",
                  "speed": "fast",
                  "pass": true,
                  "fail": false,
                  "pending": false,
                  "context": null,
                  "code": "loginPage.fillLoginForm(validCredentials.username, invalidCredentials.longPassword);\nloginPage.clickLogin();\ncy.on('window:alert', text => {\n  expect(text).to.eq('Password co do dai tu 6-100 ky tu');\n});",
                  "err": {},
                  "uuid": "0c550724-d77d-4e9e-b415-2b250cfa6eee",
                  "parentUUID": "577464c7-87d1-43f2-a32e-3f89a171b692",
                  "isHook": false,
                  "skipped": false
                },
                {
                  "title": "TC12 [Password With Space] - Nên hiển thị lỗi khi password có khoảng trắng",
                  "fullTitle": "Login E2E Tests - Professional Validation Messages TC12 [Password With Space] - Nên hiển thị lỗi khi password có khoảng trắng",
                  "timedOut": null,
                  "duration": 1064,
                  "state": "passed",
                  "speed": "fast",
                  "pass": true,
                  "fail": false,
                  "pending": false,
                  "context": null,
                  "code": "loginPage.fillLoginForm(validCredentials.username, invalidCredentials.spacePassword);\nloginPage.clickLogin();\ncy.on('window:alert', text => {\n  expect(text).to.eq('Password khong ton tai khoang trang');\n});",
                  "err": {},
                  "uuid": "84bcb1e6-e9e7-4bc8-83fc-de597380bb00",
                  "parentUUID": "577464c7-87d1-43f2-a32e-3f89a171b692",
                  "isHook": false,
                  "skipped": false
                },
                {
                  "title": "TC13 [Password Weak Format] - Nên hiển thị lỗi khi password không đúng định dạng",
                  "fullTitle": "Login E2E Tests - Professional Validation Messages TC13 [Password Weak Format] - Nên hiển thị lỗi khi password không đúng định dạng",
                  "timedOut": null,
                  "duration": 997,
                  "state": "passed",
                  "speed": "fast",
                  "pass": true,
                  "fail": false,
                  "pending": false,
                  "context": null,
                  "code": "loginPage.fillLoginForm(validCredentials.username, invalidCredentials.weakPassword);\nloginPage.clickLogin();\ncy.on('window:alert', text => {\n  expect(text).to.eq('Password khong dung dinh dang, phai co it nhat 1 chu cai hoa, ' + '1 chu cai thuong, 1 so, 1 ky tu dac biet');\n});",
                  "err": {},
                  "uuid": "0d43a17b-b2d4-44ef-8ca1-0a1aeec4cf11",
                  "parentUUID": "577464c7-87d1-43f2-a32e-3f89a171b692",
                  "isHook": false,
                  "skipped": false
                }
              ],
              "suites": [],
              "passes": [
                "4c6f6879-1d23-4a64-bf8c-d07da1e5a7e7",
                "1e1b6e2c-8698-4271-bf13-01d39df67d97",
                "69944ef8-88f1-4188-a1a2-9adb2f5da2b4",
                "36092951-24c8-4ad4-bd50-7b1cdafb8397",
                "bcfdad8f-b218-4de4-beaa-eb4fa83e214b",
                "013ade4c-20b4-4cf6-826c-ee95e1d4ca1b",
                "0474bde3-9017-4ae9-8a52-99e28df56aba",
                "0c550724-d77d-4e9e-b415-2b250cfa6eee",
                "84bcb1e6-e9e7-4bc8-83fc-de597380bb00",
                "0d43a17b-b2d4-44ef-8ca1-0a1aeec4cf11"
              ],
              "failures": [],
              "pending": [],
              "skipped": [],
              "duration": 13306,
              "root": false,
              "rootEmpty": false,
              "_timeout": 2000
            },
            {
              "uuid": "c81cb30e-146d-4eba-aeac-dbb9e248f337",
              "title": "Success/Error Flows",
              "fullFile": "",
              "file": "",
              "beforeHooks": [],
              "afterHooks": [],
              "tests": [
                {
                  "title": "TC14 [Multiple Login Attempts] - Nên xử lý nhiều lần đăng nhập",
                  "fullTitle": "Login E2E Tests - Professional Success/Error Flows TC14 [Multiple Login Attempts] - Nên xử lý nhiều lần đăng nhập",
                  "timedOut": null,
                  "duration": 3997,
                  "state": "passed",
                  "speed": "fast",
                  "pass": true,
                  "fail": false,
                  "pending": false,
                  "context": null,
                  "code": "// Lần 1: Thất bại\nloginPage.login('wronguser', 'wrongpass');\ncy.wait(500);\ncy.url().should('not.include', '/products');\n// Lần 2: Thành công\nloginPage.clearForm();\nloginPage.login(validCredentials.username, validCredentials.password);\ncy.wait(1000);\nloginPage.verifyRedirectToDashboard();",
                  "err": {},
                  "uuid": "7276a5da-0c2b-4da3-b1c2-b9e4fa1764df",
                  "parentUUID": "c81cb30e-146d-4eba-aeac-dbb9e248f337",
                  "isHook": false,
                  "skipped": false
                },
                {
                  "title": "TC15 [LocalStorage Persistence] - Nên lưu localStorage sau khi login",
                  "fullTitle": "Login E2E Tests - Professional Success/Error Flows TC15 [LocalStorage Persistence] - Nên lưu localStorage sau khi login",
                  "timedOut": null,
                  "duration": 2416,
                  "state": "passed",
                  "speed": "fast",
                  "pass": true,
                  "fail": false,
                  "pending": false,
                  "context": null,
                  "code": "loginPage.login(validCredentials.username, validCredentials.password);\ncy.wait(1000);\n// Kiểm tra localStorage được set\ncy.window().then(win => {\n  const isLoggedIn = win.localStorage.getItem('isLoggedIn');\n  const authToken = win.localStorage.getItem('authToken');\n  expect(isLoggedIn).to.eq('true');\n  expect(authToken).to.not.be.null;\n  expect(authToken).to.have.length.greaterThan(0);\n});",
                  "err": {},
                  "uuid": "2f9500cb-9d12-46c4-8b00-37cbe80bd46a",
                  "parentUUID": "c81cb30e-146d-4eba-aeac-dbb9e248f337",
                  "isHook": false,
                  "skipped": false
                },
                {
                  "title": "TC16 [Error Recovery] - Nên cho phép sửa lỗi và thử lại",
                  "fullTitle": "Login E2E Tests - Professional Success/Error Flows TC16 [Error Recovery] - Nên cho phép sửa lỗi và thử lại",
                  "timedOut": null,
                  "duration": 4256,
                  "state": "passed",
                  "speed": "fast",
                  "pass": true,
                  "fail": false,
                  "pending": false,
                  "context": null,
                  "code": "// Nhập sai\nloginPage.fillLoginForm(invalidCredentials.shortUsername, validCredentials.password);\nloginPage.clickLogin();\ncy.wait(500);\n// Sửa lại đúng\nloginPage.clearForm();\nloginPage.fillLoginForm(validCredentials.username, validCredentials.password);\nloginPage.clickLogin();\ncy.wait(1000);\nloginPage.verifyRedirectToDashboard();",
                  "err": {},
                  "uuid": "845f5402-752d-4a43-9036-a4d08d4a93e3",
                  "parentUUID": "c81cb30e-146d-4eba-aeac-dbb9e248f337",
                  "isHook": false,
                  "skipped": false
                }
              ],
              "suites": [],
              "passes": [
                "7276a5da-0c2b-4da3-b1c2-b9e4fa1764df",
                "2f9500cb-9d12-46c4-8b00-37cbe80bd46a",
                "845f5402-752d-4a43-9036-a4d08d4a93e3"
              ],
              "failures": [],
              "pending": [],
              "skipped": [],
              "duration": 10669,
              "root": false,
              "rootEmpty": false,
              "_timeout": 2000
            },
            {
              "uuid": "3be2ef55-5a82-459e-81cd-640ba099f1ef",
              "title": "UI Elements Interactions",
              "fullFile": "",
              "file": "",
              "beforeHooks": [],
              "afterHooks": [],
              "tests": [
                {
                  "title": "TC17 [Toggle Password Visibility] - Nên hiển thị/ẩn mật khẩu",
                  "fullTitle": "Login E2E Tests - Professional UI Elements Interactions TC17 [Toggle Password Visibility] - Nên hiển thị/ẩn mật khẩu",
                  "timedOut": null,
                  "duration": 1051,
                  "state": "passed",
                  "speed": "fast",
                  "pass": true,
                  "fail": false,
                  "pending": false,
                  "context": null,
                  "code": "loginPage.fillPassword('Test@123');\n// Mặc định là password type\nloginPage.verifyPasswordType('password');\n// Click để hiển thị\nloginPage.togglePasswordVisibility();\nloginPage.verifyPasswordType('text');\n// Click để ẩn lại\nloginPage.togglePasswordVisibility();\nloginPage.verifyPasswordType('password');",
                  "err": {},
                  "uuid": "0fbf3c0e-4d69-437b-a600-da01b1a4685f",
                  "parentUUID": "3be2ef55-5a82-459e-81cd-640ba099f1ef",
                  "isHook": false,
                  "skipped": false
                },
                {
                  "title": "TC18 [Input Focus] - Nên focus vào input khi click",
                  "fullTitle": "Login E2E Tests - Professional UI Elements Interactions TC18 [Input Focus] - Nên focus vào input khi click",
                  "timedOut": null,
                  "duration": 371,
                  "state": "passed",
                  "speed": "fast",
                  "pass": true,
                  "fail": false,
                  "pending": false,
                  "context": null,
                  "code": "loginPage.getUsernameInput().click();\nloginPage.getUsernameInput().should('have.focus');\nloginPage.getPasswordInput().click();\nloginPage.getPasswordInput().should('have.focus');",
                  "err": {},
                  "uuid": "d5d17efe-b954-4da7-8f57-61fa9620cfd6",
                  "parentUUID": "3be2ef55-5a82-459e-81cd-640ba099f1ef",
                  "isHook": false,
                  "skipped": false
                },
                {
                  "title": "TC19 [Clear Input] - Nên xóa được nội dung input",
                  "fullTitle": "Login E2E Tests - Professional UI Elements Interactions TC19 [Clear Input] - Nên xóa được nội dung input",
                  "timedOut": null,
                  "duration": 1498,
                  "state": "passed",
                  "speed": "fast",
                  "pass": true,
                  "fail": false,
                  "pending": false,
                  "context": null,
                  "code": "loginPage.fillLoginForm('testuser', 'Test@123');\nloginPage.getUsernameInput().should('have.value', 'testuser');\nloginPage.getPasswordInput().should('have.value', 'Test@123');\nloginPage.clearForm();\nloginPage.getUsernameInput().should('have.value', '');\nloginPage.getPasswordInput().should('have.value', '');",
                  "err": {},
                  "uuid": "506691bb-f922-479f-a28f-b6c68fde3f8c",
                  "parentUUID": "3be2ef55-5a82-459e-81cd-640ba099f1ef",
                  "isHook": false,
                  "skipped": false
                },
                {
                  "title": "TC20 [Button Click] - Nên submit form khi click button",
                  "fullTitle": "Login E2E Tests - Professional UI Elements Interactions TC20 [Button Click] - Nên submit form khi click button",
                  "timedOut": null,
                  "duration": 2608,
                  "state": "passed",
                  "speed": "fast",
                  "pass": true,
                  "fail": false,
                  "pending": false,
                  "context": null,
                  "code": "loginPage.fillLoginForm(validCredentials.username, validCredentials.password);\nloginPage.getLoginButton().should('be.enabled');\nloginPage.getLoginButton().click();\ncy.wait(1000);\nloginPage.verifyRedirectToDashboard();",
                  "err": {},
                  "uuid": "cfd4f09e-0219-4567-9a1f-56f669b4ffb4",
                  "parentUUID": "3be2ef55-5a82-459e-81cd-640ba099f1ef",
                  "isHook": false,
                  "skipped": false
                },
                {
                  "title": "TC21 [Form Submit on Enter] - Nên submit khi nhấn Enter",
                  "fullTitle": "Login E2E Tests - Professional UI Elements Interactions TC21 [Form Submit on Enter] - Nên submit khi nhấn Enter",
                  "timedOut": null,
                  "duration": 2223,
                  "state": "passed",
                  "speed": "fast",
                  "pass": true,
                  "fail": false,
                  "pending": false,
                  "context": null,
                  "code": "loginPage.fillLoginForm(validCredentials.username, validCredentials.password);\n// Nhấn Enter ở password field\nloginPage.getPasswordInput().type('{enter}');\ncy.wait(1000);\nloginPage.verifyRedirectToDashboard();",
                  "err": {},
                  "uuid": "b7671cdc-08f7-442f-951e-13c3d5764437",
                  "parentUUID": "3be2ef55-5a82-459e-81cd-640ba099f1ef",
                  "isHook": false,
                  "skipped": false
                },
                {
                  "title": "TC22 [Input Auto-trim] - Nên xử lý khoảng trắng thừa",
                  "fullTitle": "Login E2E Tests - Professional UI Elements Interactions TC22 [Input Auto-trim] - Nên xử lý khoảng trắng thừa",
                  "timedOut": null,
                  "duration": 1029,
                  "state": "passed",
                  "speed": "fast",
                  "pass": true,
                  "fail": false,
                  "pending": false,
                  "context": null,
                  "code": "// Username với space đầu cuối\nloginPage.getUsernameInput().type('  testuser  ');\n// Kiểm tra validation vẫn bắt lỗi space\nloginPage.fillPassword(validCredentials.password);\nloginPage.clickLogin();\ncy.on('window:alert', text => {\n  expect(text).to.eq('Username khong ton tai khoang trang');\n});",
                  "err": {},
                  "uuid": "5ae422fb-1179-46c5-9896-843af85b808e",
                  "parentUUID": "3be2ef55-5a82-459e-81cd-640ba099f1ef",
                  "isHook": false,
                  "skipped": false
                }
              ],
              "suites": [],
              "passes": [
                "0fbf3c0e-4d69-437b-a600-da01b1a4685f",
                "d5d17efe-b954-4da7-8f57-61fa9620cfd6",
                "506691bb-f922-479f-a28f-b6c68fde3f8c",
                "cfd4f09e-0219-4567-9a1f-56f669b4ffb4",
                "b7671cdc-08f7-442f-951e-13c3d5764437",
                "5ae422fb-1179-46c5-9896-843af85b808e"
              ],
              "failures": [],
              "pending": [],
              "skipped": [],
              "duration": 8780,
              "root": false,
              "rootEmpty": false,
              "_timeout": 2000
            },
            {
              "uuid": "62d691c7-4fe7-4157-bac3-72fba18f58f6",
              "title": "Edge Cases",
              "fullFile": "",
              "file": "",
              "beforeHooks": [],
              "afterHooks": [],
              "tests": [
                {
                  "title": "TC23 [Empty Form Submit] - Nên báo lỗi khi submit form trống",
                  "fullTitle": "Login E2E Tests - Professional Edge Cases TC23 [Empty Form Submit] - Nên báo lỗi khi submit form trống",
                  "timedOut": null,
                  "duration": 282,
                  "state": "passed",
                  "speed": "fast",
                  "pass": true,
                  "fail": false,
                  "pending": false,
                  "context": null,
                  "code": "loginPage.clickLogin();\ncy.on('window:alert', text => {\n  expect(text).to.eq('Ten dang nhap khong duoc de trong');\n});",
                  "err": {},
                  "uuid": "2de71825-df6f-482c-987a-b317dc1d1e80",
                  "parentUUID": "62d691c7-4fe7-4157-bac3-72fba18f58f6",
                  "isHook": false,
                  "skipped": false
                },
                {
                  "title": "TC24 [Special Characters in Password] - Nên chấp nhận ký tự đặc biệt trong password",
                  "fullTitle": "Login E2E Tests - Professional Edge Cases TC24 [Special Characters in Password] - Nên chấp nhận ký tự đặc biệt trong password",
                  "timedOut": null,
                  "duration": 1026,
                  "state": "passed",
                  "speed": "fast",
                  "pass": true,
                  "fail": false,
                  "pending": false,
                  "context": null,
                  "code": "const specialPassword = 'Test@123!#$';\nloginPage.fillLoginForm(validCredentials.username, specialPassword);\n// Password field nên chứa giá trị\nloginPage.getPasswordInput().should('have.value', specialPassword);",
                  "err": {},
                  "uuid": "1d497053-575a-43f2-8160-0176f1426c24",
                  "parentUUID": "62d691c7-4fe7-4157-bac3-72fba18f58f6",
                  "isHook": false,
                  "skipped": false
                },
                {
                  "title": "TC25 [Case Sensitivity] - Username nên phân biệt hoa thường",
                  "fullTitle": "Login E2E Tests - Professional Edge Cases TC25 [Case Sensitivity] - Username nên phân biệt hoa thường",
                  "timedOut": null,
                  "duration": 1552,
                  "state": "passed",
                  "speed": "fast",
                  "pass": true,
                  "fail": false,
                  "pending": false,
                  "context": null,
                  "code": "loginPage.fillLoginForm('TESTUSER', validCredentials.password);\nloginPage.clickLogin();\ncy.wait(500);\n// Nếu backend phân biệt hoa thường thì sẽ lỗi\ncy.url().should('not.include', '/products');",
                  "err": {},
                  "uuid": "a9a9b871-6c11-4801-be4b-87bdcca5760f",
                  "parentUUID": "62d691c7-4fe7-4157-bac3-72fba18f58f6",
                  "isHook": false,
                  "skipped": false
                }
              ],
              "suites": [],
              "passes": [
                "2de71825-df6f-482c-987a-b317dc1d1e80",
                "1d497053-575a-43f2-8160-0176f1426c24",
                "a9a9b871-6c11-4801-be4b-87bdcca5760f"
              ],
              "failures": [],
              "pending": [],
              "skipped": [],
              "duration": 2860,
              "root": false,
              "rootEmpty": false,
              "_timeout": 2000
            }
          ],
          "passes": [],
          "failures": [],
          "pending": [],
          "skipped": [],
          "duration": 0,
          "root": false,
          "rootEmpty": false,
          "_timeout": 2000
        }
      ],
      "passes": [],
      "failures": [],
      "pending": [],
      "skipped": [],
      "duration": 0,
      "root": true,
      "rootEmpty": true,
      "_timeout": 2000
    }
  ],
  "meta": {
    "mocha": {
      "version": "7.2.0"
    },
    "mochawesome": {
      "options": {
        "quiet": false,
        "reportFilename": "mochawesome",
        "saveHtml": true,
        "saveJson": true,
        "consoleReporter": "spec",
        "useInlineDiffs": false,
        "code": true
      },
      "version": "7.1.4"
    },
    "marge": {
      "options": {
        "reportDir": "cypress/reports",
        "overwrite": false,
        "html": true,
        "json": true
      },
      "version": "6.3.2"
    }
  }
}