{
  "stats": {
    "suites": 6,
    "tests": 25,
    "passes": 25,
    "pending": 0,
    "failures": 0,
    "start": "2025-11-29T08:09:38.767Z",
    "end": "2025-11-29T08:10:22.534Z",
    "duration": 43767,
    "testsRegistered": 25,
    "passPercent": 100,
    "pendingPercent": 0,
    "other": 0,
    "hasOther": false,
    "skipped": 0,
    "hasSkipped": false
  },
  "results": [
    {
      "uuid": "012d1d41-a26b-4cc1-b1c3-5c50d4a86091",
      "title": "",
      "fullFile": "cypress\\e2e\\login.cy.js",
      "file": "cypress\\e2e\\login.cy.js",
      "beforeHooks": [],
      "afterHooks": [],
      "tests": [],
      "suites": [
        {
          "uuid": "219d2687-1d2f-4af4-a3ab-62a2edf8a843",
          "title": "Login E2E Tests - Professional",
          "fullFile": "",
          "file": "",
          "beforeHooks": [],
          "afterHooks": [],
          "tests": [],
          "suites": [
            {
              "uuid": "a3861c5b-b47c-44ee-ba66-8e6dbc894433",
              "title": "Complete Login Flow",
              "fullFile": "",
              "file": "",
              "beforeHooks": [],
              "afterHooks": [],
              "tests": [
                {
                  "title": "TC1 [Login UI] - Nên hiển thị form login đầy đủ",
                  "fullTitle": "Login E2E Tests - Professional Complete Login Flow TC1 [Login UI] - Nên hiển thị form login đầy đủ",
                  "timedOut": null,
                  "duration": 963,
                  "state": "passed",
                  "speed": "fast",
                  "pass": true,
                  "fail": false,
                  "pending": false,
                  "context": null,
                  "code": "// Kiểm tra các elements chính\nloginPage.getUsernameInput().should('be.visible');\nloginPage.getPasswordInput().should('be.visible');\nloginPage.getLoginButton().should('be.visible');\nloginPage.getShowPasswordButton().should('be.visible');\n// Kiểm tra placeholder\nloginPage.getUsernameInput().should('have.attr', 'placeholder', 'Username');\nloginPage.getPasswordInput().should('have.attr', 'placeholder', 'Password');\n// Kiểm tra type của password input\nloginPage.verifyPasswordType('password');\n// Kiểm tra button text\nloginPage.getLoginButton().should('contain', 'Sign in');",
                  "err": {},
                  "uuid": "8d346d03-6a1d-4a72-aea1-76f60be047ee",
                  "parentUUID": "a3861c5b-b47c-44ee-ba66-8e6dbc894433",
                  "isHook": false,
                  "skipped": false
                },
                {
                  "title": "TC2 [Login Success] - Nên login thành công với credentials hợp lệ",
                  "fullTitle": "Login E2E Tests - Professional Complete Login Flow TC2 [Login Success] - Nên login thành công với credentials hợp lệ",
                  "timedOut": null,
                  "duration": 3239,
                  "state": "passed",
                  "speed": "fast",
                  "pass": true,
                  "fail": false,
                  "pending": false,
                  "context": null,
                  "code": "loginPage.login(validCredentials.username, validCredentials.password);\ncy.wait(1000);\n// Kiểm tra thông báo thành công\ncy.on('window:alert', text => {\n  expect(text).to.contains('thanh cong');\n});\n// Kiểm tra chuyển hướng\nloginPage.verifyRedirectToDashboard();\n// Kiểm tra localStorage\ncy.window().then(win => {\n  expect(win.localStorage.getItem('isLoggedIn')).to.eq('true');\n  expect(win.localStorage.getItem('authToken')).to.exist;\n});",
                  "err": {},
                  "uuid": "78a3a82f-bddf-4799-9293-0359c210b2c9",
                  "parentUUID": "a3861c5b-b47c-44ee-ba66-8e6dbc894433",
                  "isHook": false,
                  "skipped": false
                },
                {
                  "title": "TC3 [Login Error] - Nên hiển thị lỗi với credentials không hợp lệ",
                  "fullTitle": "Login E2E Tests - Professional Complete Login Flow TC3 [Login Error] - Nên hiển thị lỗi với credentials không hợp lệ",
                  "timedOut": null,
                  "duration": 1659,
                  "state": "passed",
                  "speed": "fast",
                  "pass": true,
                  "fail": false,
                  "pending": false,
                  "context": null,
                  "code": "loginPage.login('wronguser', 'wrongpass');\ncy.wait(500);\ncy.on('window:alert', text => {\n  expect(text).to.not.contains('thanh cong');\n});\n// Không chuyển trang\ncy.url().should('not.include', '/products');",
                  "err": {},
                  "uuid": "e1f8cf0f-7889-4eaa-b57f-0c4555f716b8",
                  "parentUUID": "a3861c5b-b47c-44ee-ba66-8e6dbc894433",
                  "isHook": false,
                  "skipped": false
                }
              ],
              "suites": [],
              "passes": [
                "8d346d03-6a1d-4a72-aea1-76f60be047ee",
                "78a3a82f-bddf-4799-9293-0359c210b2c9",
                "e1f8cf0f-7889-4eaa-b57f-0c4555f716b8"
              ],
              "failures": [],
              "pending": [],
              "skipped": [],
              "duration": 5861,
              "root": false,
              "rootEmpty": false,
              "_timeout": 2000
            },
            {
              "uuid": "f6cfff13-802b-46b1-baa9-81e95c0c0b2d",
              "title": "Validation Messages",
              "fullFile": "",
              "file": "",
              "beforeHooks": [],
              "afterHooks": [],
              "tests": [
                {
                  "title": "TC4 [Username Empty] - Nên hiển thị lỗi khi username trống",
                  "fullTitle": "Login E2E Tests - Professional Validation Messages TC4 [Username Empty] - Nên hiển thị lỗi khi username trống",
                  "timedOut": null,
                  "duration": 876,
                  "state": "passed",
                  "speed": "fast",
                  "pass": true,
                  "fail": false,
                  "pending": false,
                  "context": null,
                  "code": "loginPage.fillLoginForm('', validCredentials.password);\nloginPage.clickLogin();\ncy.on('window:alert', text => {\n  expect(text).to.eq('Ten dang nhap khong duoc de trong');\n});",
                  "err": {},
                  "uuid": "f8a98574-f357-47db-93ff-7eaf833b7ea5",
                  "parentUUID": "f6cfff13-802b-46b1-baa9-81e95c0c0b2d",
                  "isHook": false,
                  "skipped": false
                },
                {
                  "title": "TC5 [Username Too Short] - Nên hiển thị lỗi khi username quá ngắn",
                  "fullTitle": "Login E2E Tests - Professional Validation Messages TC5 [Username Too Short] - Nên hiển thị lỗi khi username quá ngắn",
                  "timedOut": null,
                  "duration": 984,
                  "state": "passed",
                  "speed": "fast",
                  "pass": true,
                  "fail": false,
                  "pending": false,
                  "context": null,
                  "code": "loginPage.fillLoginForm(invalidCredentials.shortUsername, validCredentials.password);\nloginPage.clickLogin();\ncy.on('window:alert', text => {\n  expect(text).to.eq('Ten dang nhap phai co do dai tu 3-50 ky tu');\n});",
                  "err": {},
                  "uuid": "1940ea89-a19f-4857-bf1f-1af82e3795c2",
                  "parentUUID": "f6cfff13-802b-46b1-baa9-81e95c0c0b2d",
                  "isHook": false,
                  "skipped": false
                },
                {
                  "title": "TC6 [Username Too Long] - Nên hiển thị lỗi khi username quá dài",
                  "fullTitle": "Login E2E Tests - Professional Validation Messages TC6 [Username Too Long] - Nên hiển thị lỗi khi username quá dài",
                  "timedOut": null,
                  "duration": 2478,
                  "state": "passed",
                  "speed": "fast",
                  "pass": true,
                  "fail": false,
                  "pending": false,
                  "context": null,
                  "code": "loginPage.fillLoginForm(invalidCredentials.longUsername, validCredentials.password);\nloginPage.clickLogin();\ncy.on('window:alert', text => {\n  expect(text).to.eq('Ten dang nhap phai co do dai tu 3-50 ky tu');\n});",
                  "err": {},
                  "uuid": "db0b212d-eb84-4ef2-b810-5000b8fdb3d4",
                  "parentUUID": "f6cfff13-802b-46b1-baa9-81e95c0c0b2d",
                  "isHook": false,
                  "skipped": false
                },
                {
                  "title": "TC7 [Username Special Chars] - Nên hiển thị lỗi khi username có ký tự đặc biệt",
                  "fullTitle": "Login E2E Tests - Professional Validation Messages TC7 [Username Special Chars] - Nên hiển thị lỗi khi username có ký tự đặc biệt",
                  "timedOut": null,
                  "duration": 1270,
                  "state": "passed",
                  "speed": "fast",
                  "pass": true,
                  "fail": false,
                  "pending": false,
                  "context": null,
                  "code": "loginPage.fillLoginForm(invalidCredentials.specialCharUsername, validCredentials.password);\nloginPage.clickLogin();\ncy.on('window:alert', text => {\n  expect(text).to.eq('Username chi chua cac ky tu a-z, A-Z, 0-9 và \"_\"');\n});",
                  "err": {},
                  "uuid": "69a4b722-43b5-40b9-943c-dada7186863c",
                  "parentUUID": "f6cfff13-802b-46b1-baa9-81e95c0c0b2d",
                  "isHook": false,
                  "skipped": false
                },
                {
                  "title": "TC8 [Username With Space] - Nên hiển thị lỗi khi username có khoảng trắng",
                  "fullTitle": "Login E2E Tests - Professional Validation Messages TC8 [Username With Space] - Nên hiển thị lỗi khi username có khoảng trắng",
                  "timedOut": null,
                  "duration": 1097,
                  "state": "passed",
                  "speed": "fast",
                  "pass": true,
                  "fail": false,
                  "pending": false,
                  "context": null,
                  "code": "loginPage.fillLoginForm(invalidCredentials.spaceUsername, validCredentials.password);\nloginPage.clickLogin();\ncy.on('window:alert', text => {\n  expect(text).to.eq('Username khong ton tai khoang trang');\n});",
                  "err": {},
                  "uuid": "d7e3b8f7-df4a-4369-8576-08127a9d3dff",
                  "parentUUID": "f6cfff13-802b-46b1-baa9-81e95c0c0b2d",
                  "isHook": false,
                  "skipped": false
                },
                {
                  "title": "TC9 [Password Empty] - Nên hiển thị lỗi khi password trống",
                  "fullTitle": "Login E2E Tests - Professional Validation Messages TC9 [Password Empty] - Nên hiển thị lỗi khi password trống",
                  "timedOut": null,
                  "duration": 1158,
                  "state": "passed",
                  "speed": "fast",
                  "pass": true,
                  "fail": false,
                  "pending": false,
                  "context": null,
                  "code": "loginPage.fillLoginForm(validCredentials.username, '');\nloginPage.clickLogin();\ncy.on('window:alert', text => {\n  expect(text).to.eq('Password khong duoc de trong');\n});",
                  "err": {},
                  "uuid": "76843075-c0eb-4c0a-9933-5675217c0304",
                  "parentUUID": "f6cfff13-802b-46b1-baa9-81e95c0c0b2d",
                  "isHook": false,
                  "skipped": false
                },
                {
                  "title": "TC10 [Password Too Short] - Nên hiển thị lỗi khi password quá ngắn",
                  "fullTitle": "Login E2E Tests - Professional Validation Messages TC10 [Password Too Short] - Nên hiển thị lỗi khi password quá ngắn",
                  "timedOut": null,
                  "duration": 1018,
                  "state": "passed",
                  "speed": "fast",
                  "pass": true,
                  "fail": false,
                  "pending": false,
                  "context": null,
                  "code": "loginPage.fillLoginForm(validCredentials.username, invalidCredentials.shortPassword);\nloginPage.clickLogin();\ncy.on('window:alert', text => {\n  expect(text).to.eq('Password co do dai tu 6-100 ky tu');\n});",
                  "err": {},
                  "uuid": "2aacb89d-b6b6-47e0-b0f7-45ca70fc8a7d",
                  "parentUUID": "f6cfff13-802b-46b1-baa9-81e95c0c0b2d",
                  "isHook": false,
                  "skipped": false
                },
                {
                  "title": "TC11 [Password Too Long] - Nên hiển thị lỗi khi password quá dài",
                  "fullTitle": "Login E2E Tests - Professional Validation Messages TC11 [Password Too Long] - Nên hiển thị lỗi khi password quá dài",
                  "timedOut": null,
                  "duration": 3034,
                  "state": "passed",
                  "speed": "fast",
                  "pass": true,
                  "fail": false,
                  "pending": false,
                  "context": null,
                  "code": "loginPage.fillLoginForm(validCredentials.username, invalidCredentials.longPassword);\nloginPage.clickLogin();\ncy.on('window:alert', text => {\n  expect(text).to.eq('Password co do dai tu 6-100 ky tu');\n});",
                  "err": {},
                  "uuid": "87ba585c-7852-4aeb-943c-ff7a7cf2a333",
                  "parentUUID": "f6cfff13-802b-46b1-baa9-81e95c0c0b2d",
                  "isHook": false,
                  "skipped": false
                },
                {
                  "title": "TC12 [Password With Space] - Nên hiển thị lỗi khi password có khoảng trắng",
                  "fullTitle": "Login E2E Tests - Professional Validation Messages TC12 [Password With Space] - Nên hiển thị lỗi khi password có khoảng trắng",
                  "timedOut": null,
                  "duration": 1438,
                  "state": "passed",
                  "speed": "fast",
                  "pass": true,
                  "fail": false,
                  "pending": false,
                  "context": null,
                  "code": "loginPage.fillLoginForm(validCredentials.username, invalidCredentials.spacePassword);\nloginPage.clickLogin();\ncy.on('window:alert', text => {\n  expect(text).to.eq('Password khong ton tai khoang trang');\n});",
                  "err": {},
                  "uuid": "dbbb5141-4882-4433-a2e8-c93b15c16e68",
                  "parentUUID": "f6cfff13-802b-46b1-baa9-81e95c0c0b2d",
                  "isHook": false,
                  "skipped": false
                },
                {
                  "title": "TC13 [Password Weak Format] - Nên hiển thị lỗi khi password không đúng định dạng",
                  "fullTitle": "Login E2E Tests - Professional Validation Messages TC13 [Password Weak Format] - Nên hiển thị lỗi khi password không đúng định dạng",
                  "timedOut": null,
                  "duration": 1034,
                  "state": "passed",
                  "speed": "fast",
                  "pass": true,
                  "fail": false,
                  "pending": false,
                  "context": null,
                  "code": "loginPage.fillLoginForm(validCredentials.username, invalidCredentials.weakPassword);\nloginPage.clickLogin();\ncy.on('window:alert', text => {\n  expect(text).to.eq('Password khong dung dinh dang, phai co it nhat 1 chu cai hoa, ' + '1 chu cai thuong, 1 so, 1 ky tu dac biet');\n});",
                  "err": {},
                  "uuid": "7d564a2d-41b6-43a1-88ac-8cdf009e6fd2",
                  "parentUUID": "f6cfff13-802b-46b1-baa9-81e95c0c0b2d",
                  "isHook": false,
                  "skipped": false
                }
              ],
              "suites": [],
              "passes": [
                "f8a98574-f357-47db-93ff-7eaf833b7ea5",
                "1940ea89-a19f-4857-bf1f-1af82e3795c2",
                "db0b212d-eb84-4ef2-b810-5000b8fdb3d4",
                "69a4b722-43b5-40b9-943c-dada7186863c",
                "d7e3b8f7-df4a-4369-8576-08127a9d3dff",
                "76843075-c0eb-4c0a-9933-5675217c0304",
                "2aacb89d-b6b6-47e0-b0f7-45ca70fc8a7d",
                "87ba585c-7852-4aeb-943c-ff7a7cf2a333",
                "dbbb5141-4882-4433-a2e8-c93b15c16e68",
                "7d564a2d-41b6-43a1-88ac-8cdf009e6fd2"
              ],
              "failures": [],
              "pending": [],
              "skipped": [],
              "duration": 14387,
              "root": false,
              "rootEmpty": false,
              "_timeout": 2000
            },
            {
              "uuid": "56474115-a66b-4504-b9a3-aff9caf19635",
              "title": "Success/Error Flows",
              "fullFile": "",
              "file": "",
              "beforeHooks": [],
              "afterHooks": [],
              "tests": [
                {
                  "title": "TC14 [Multiple Login Attempts] - Nên xử lý nhiều lần đăng nhập",
                  "fullTitle": "Login E2E Tests - Professional Success/Error Flows TC14 [Multiple Login Attempts] - Nên xử lý nhiều lần đăng nhập",
                  "timedOut": null,
                  "duration": 4340,
                  "state": "passed",
                  "speed": "fast",
                  "pass": true,
                  "fail": false,
                  "pending": false,
                  "context": null,
                  "code": "// Lần 1: Thất bại\nloginPage.login('wronguser', 'wrongpass');\ncy.wait(500);\ncy.url().should('not.include', '/products');\n// Lần 2: Thành công\nloginPage.clearForm();\nloginPage.login(validCredentials.username, validCredentials.password);\ncy.wait(1000);\nloginPage.verifyRedirectToDashboard();",
                  "err": {},
                  "uuid": "693789ee-a12d-4a7e-9549-2590387f5322",
                  "parentUUID": "56474115-a66b-4504-b9a3-aff9caf19635",
                  "isHook": false,
                  "skipped": false
                },
                {
                  "title": "TC15 [Session Persistence] - Nên lưu localStorage sau khi login",
                  "fullTitle": "Login E2E Tests - Professional Success/Error Flows TC15 [Session Persistence] - Nên lưu localStorage sau khi login",
                  "timedOut": null,
                  "duration": 2104,
                  "state": "passed",
                  "speed": "fast",
                  "pass": true,
                  "fail": false,
                  "pending": false,
                  "context": null,
                  "code": "loginPage.login(validCredentials.username, validCredentials.password);\ncy.wait(1000);\n// Kiểm tra localStorage được set\ncy.window().then(win => {\n  const isLoggedIn = win.localStorage.getItem('isLoggedIn');\n  const authToken = win.localStorage.getItem('authToken');\n  expect(isLoggedIn).to.eq('true');\n  expect(authToken).to.not.be.null;\n  expect(authToken).to.have.length.greaterThan(0);\n});",
                  "err": {},
                  "uuid": "9f9e037b-6d70-49dd-970d-b4d7f0c20171",
                  "parentUUID": "56474115-a66b-4504-b9a3-aff9caf19635",
                  "isHook": false,
                  "skipped": false
                },
                {
                  "title": "TC16 [Error Recovery] - Nên cho phép sửa lỗi và thử lại",
                  "fullTitle": "Login E2E Tests - Professional Success/Error Flows TC16 [Error Recovery] - Nên cho phép sửa lỗi và thử lại",
                  "timedOut": null,
                  "duration": 4133,
                  "state": "passed",
                  "speed": "fast",
                  "pass": true,
                  "fail": false,
                  "pending": false,
                  "context": null,
                  "code": "// Nhập sai\nloginPage.fillLoginForm(invalidCredentials.shortUsername, validCredentials.password);\nloginPage.clickLogin();\ncy.wait(500);\n// Sửa lại đúng\nloginPage.clearForm();\nloginPage.fillLoginForm(validCredentials.username, validCredentials.password);\nloginPage.clickLogin();\ncy.wait(1000);\nloginPage.verifyRedirectToDashboard();",
                  "err": {},
                  "uuid": "0c78fbac-a855-43c0-883a-2db24ebaa40d",
                  "parentUUID": "56474115-a66b-4504-b9a3-aff9caf19635",
                  "isHook": false,
                  "skipped": false
                }
              ],
              "suites": [],
              "passes": [
                "693789ee-a12d-4a7e-9549-2590387f5322",
                "9f9e037b-6d70-49dd-970d-b4d7f0c20171",
                "0c78fbac-a855-43c0-883a-2db24ebaa40d"
              ],
              "failures": [],
              "pending": [],
              "skipped": [],
              "duration": 10577,
              "root": false,
              "rootEmpty": false,
              "_timeout": 2000
            },
            {
              "uuid": "36e4175d-1313-469f-be75-1114179d3748",
              "title": "UI Elements Interactions",
              "fullFile": "",
              "file": "",
              "beforeHooks": [],
              "afterHooks": [],
              "tests": [
                {
                  "title": "TC17 [Toggle Password Visibility] - Nên hiển thị/ẩn mật khẩu",
                  "fullTitle": "Login E2E Tests - Professional UI Elements Interactions TC17 [Toggle Password Visibility] - Nên hiển thị/ẩn mật khẩu",
                  "timedOut": null,
                  "duration": 807,
                  "state": "passed",
                  "speed": "fast",
                  "pass": true,
                  "fail": false,
                  "pending": false,
                  "context": null,
                  "code": "loginPage.fillPassword('Test@123');\n// Mặc định là password type\nloginPage.verifyPasswordType('password');\n// Click để hiển thị\nloginPage.togglePasswordVisibility();\nloginPage.verifyPasswordType('text');\n// Click để ẩn lại\nloginPage.togglePasswordVisibility();\nloginPage.verifyPasswordType('password');",
                  "err": {},
                  "uuid": "78a783b2-fa87-4ec6-a811-b14978f87f6c",
                  "parentUUID": "36e4175d-1313-469f-be75-1114179d3748",
                  "isHook": false,
                  "skipped": false
                },
                {
                  "title": "TC18 [Input Focus] - Nên focus vào input khi click",
                  "fullTitle": "Login E2E Tests - Professional UI Elements Interactions TC18 [Input Focus] - Nên focus vào input khi click",
                  "timedOut": null,
                  "duration": 354,
                  "state": "passed",
                  "speed": "fast",
                  "pass": true,
                  "fail": false,
                  "pending": false,
                  "context": null,
                  "code": "loginPage.getUsernameInput().click();\nloginPage.getUsernameInput().should('have.focus');\nloginPage.getPasswordInput().click();\nloginPage.getPasswordInput().should('have.focus');",
                  "err": {},
                  "uuid": "53aba511-502b-4379-a019-03e3ea90b97a",
                  "parentUUID": "36e4175d-1313-469f-be75-1114179d3748",
                  "isHook": false,
                  "skipped": false
                },
                {
                  "title": "TC19 [Clear Input] - Nên xóa được nội dung input",
                  "fullTitle": "Login E2E Tests - Professional UI Elements Interactions TC19 [Clear Input] - Nên xóa được nội dung input",
                  "timedOut": null,
                  "duration": 1387,
                  "state": "passed",
                  "speed": "fast",
                  "pass": true,
                  "fail": false,
                  "pending": false,
                  "context": null,
                  "code": "loginPage.fillLoginForm('testuser', 'Test@123');\nloginPage.getUsernameInput().should('have.value', 'testuser');\nloginPage.getPasswordInput().should('have.value', 'Test@123');\nloginPage.clearForm();\nloginPage.getUsernameInput().should('have.value', '');\nloginPage.getPasswordInput().should('have.value', '');",
                  "err": {},
                  "uuid": "c81da4b9-3709-493a-9938-4c31331e6edb",
                  "parentUUID": "36e4175d-1313-469f-be75-1114179d3748",
                  "isHook": false,
                  "skipped": false
                },
                {
                  "title": "TC20 [Button Click] - Nên submit form khi click button",
                  "fullTitle": "Login E2E Tests - Professional UI Elements Interactions TC20 [Button Click] - Nên submit form khi click button",
                  "timedOut": null,
                  "duration": 2177,
                  "state": "passed",
                  "speed": "fast",
                  "pass": true,
                  "fail": false,
                  "pending": false,
                  "context": null,
                  "code": "loginPage.fillLoginForm(validCredentials.username, validCredentials.password);\nloginPage.getLoginButton().should('be.enabled');\nloginPage.getLoginButton().click();\ncy.wait(1000);\nloginPage.verifyRedirectToDashboard();",
                  "err": {},
                  "uuid": "008f6e3d-c0bd-4be3-b7cb-396ecd835528",
                  "parentUUID": "36e4175d-1313-469f-be75-1114179d3748",
                  "isHook": false,
                  "skipped": false
                },
                {
                  "title": "TC21 [Form Submit on Enter] - Nên submit khi nhấn Enter",
                  "fullTitle": "Login E2E Tests - Professional UI Elements Interactions TC21 [Form Submit on Enter] - Nên submit khi nhấn Enter",
                  "timedOut": null,
                  "duration": 2187,
                  "state": "passed",
                  "speed": "fast",
                  "pass": true,
                  "fail": false,
                  "pending": false,
                  "context": null,
                  "code": "loginPage.fillLoginForm(validCredentials.username, validCredentials.password);\n// Nhấn Enter ở password field\nloginPage.getPasswordInput().type('{enter}');\ncy.wait(1000);\nloginPage.verifyRedirectToDashboard();",
                  "err": {},
                  "uuid": "7a47f3ac-e939-43dc-9867-6c9e0bfab0c2",
                  "parentUUID": "36e4175d-1313-469f-be75-1114179d3748",
                  "isHook": false,
                  "skipped": false
                },
                {
                  "title": "TC22 [Input Auto-trim] - Nên xử lý khoảng trắng thừa",
                  "fullTitle": "Login E2E Tests - Professional UI Elements Interactions TC22 [Input Auto-trim] - Nên xử lý khoảng trắng thừa",
                  "timedOut": null,
                  "duration": 1266,
                  "state": "passed",
                  "speed": "fast",
                  "pass": true,
                  "fail": false,
                  "pending": false,
                  "context": null,
                  "code": "// Username với space đầu cuối\nloginPage.getUsernameInput().type('  testuser  ');\n// Kiểm tra validation vẫn bắt lỗi space\nloginPage.fillPassword(validCredentials.password);\nloginPage.clickLogin();\ncy.on('window:alert', text => {\n  expect(text).to.eq('Username khong ton tai khoang trang');\n});",
                  "err": {},
                  "uuid": "fa140615-8d7f-4685-9e6c-3035317a52c6",
                  "parentUUID": "36e4175d-1313-469f-be75-1114179d3748",
                  "isHook": false,
                  "skipped": false
                }
              ],
              "suites": [],
              "passes": [
                "78a783b2-fa87-4ec6-a811-b14978f87f6c",
                "53aba511-502b-4379-a019-03e3ea90b97a",
                "c81da4b9-3709-493a-9938-4c31331e6edb",
                "008f6e3d-c0bd-4be3-b7cb-396ecd835528",
                "7a47f3ac-e939-43dc-9867-6c9e0bfab0c2",
                "fa140615-8d7f-4685-9e6c-3035317a52c6"
              ],
              "failures": [],
              "pending": [],
              "skipped": [],
              "duration": 8178,
              "root": false,
              "rootEmpty": false,
              "_timeout": 2000
            },
            {
              "uuid": "5d65a253-c0e5-46ee-8abd-5bd86ccb0fe1",
              "title": "Edge Cases",
              "fullFile": "",
              "file": "",
              "beforeHooks": [],
              "afterHooks": [],
              "tests": [
                {
                  "title": "TC23 [Empty Form Submit] - Nên báo lỗi khi submit form trống",
                  "fullTitle": "Login E2E Tests - Professional Edge Cases TC23 [Empty Form Submit] - Nên báo lỗi khi submit form trống",
                  "timedOut": null,
                  "duration": 310,
                  "state": "passed",
                  "speed": "fast",
                  "pass": true,
                  "fail": false,
                  "pending": false,
                  "context": null,
                  "code": "loginPage.clickLogin();\ncy.on('window:alert', text => {\n  expect(text).to.eq('Ten dang nhap khong duoc de trong');\n});",
                  "err": {},
                  "uuid": "84e9b409-1c1d-43a2-9313-d6199a103e20",
                  "parentUUID": "5d65a253-c0e5-46ee-8abd-5bd86ccb0fe1",
                  "isHook": false,
                  "skipped": false
                },
                {
                  "title": "TC24 [Special Characters in Password] - Nên chấp nhận ký tự đặc biệt trong password",
                  "fullTitle": "Login E2E Tests - Professional Edge Cases TC24 [Special Characters in Password] - Nên chấp nhận ký tự đặc biệt trong password",
                  "timedOut": null,
                  "duration": 1017,
                  "state": "passed",
                  "speed": "fast",
                  "pass": true,
                  "fail": false,
                  "pending": false,
                  "context": null,
                  "code": "const specialPassword = 'Test@123!#$';\nloginPage.fillLoginForm(validCredentials.username, specialPassword);\n// Password field nên chứa giá trị\nloginPage.getPasswordInput().should('have.value', specialPassword);",
                  "err": {},
                  "uuid": "fb781f44-c16d-4169-8ab4-76b3af063263",
                  "parentUUID": "5d65a253-c0e5-46ee-8abd-5bd86ccb0fe1",
                  "isHook": false,
                  "skipped": false
                },
                {
                  "title": "TC25 [Case Sensitivity] - Username nên phân biệt hoa thường",
                  "fullTitle": "Login E2E Tests - Professional Edge Cases TC25 [Case Sensitivity] - Username nên phân biệt hoa thường",
                  "timedOut": null,
                  "duration": 1594,
                  "state": "passed",
                  "speed": "fast",
                  "pass": true,
                  "fail": false,
                  "pending": false,
                  "context": null,
                  "code": "loginPage.fillLoginForm('TESTUSER', validCredentials.password);\nloginPage.clickLogin();\ncy.wait(500);\n// Nếu backend phân biệt hoa thường thì sẽ lỗi\ncy.url().should('not.include', '/products');",
                  "err": {},
                  "uuid": "be3516c0-ca29-4c9f-b1eb-44c56ac6be65",
                  "parentUUID": "5d65a253-c0e5-46ee-8abd-5bd86ccb0fe1",
                  "isHook": false,
                  "skipped": false
                }
              ],
              "suites": [],
              "passes": [
                "84e9b409-1c1d-43a2-9313-d6199a103e20",
                "fb781f44-c16d-4169-8ab4-76b3af063263",
                "be3516c0-ca29-4c9f-b1eb-44c56ac6be65"
              ],
              "failures": [],
              "pending": [],
              "skipped": [],
              "duration": 2921,
              "root": false,
              "rootEmpty": false,
              "_timeout": 2000
            }
          ],
          "passes": [],
          "failures": [],
          "pending": [],
          "skipped": [],
          "duration": 0,
          "root": false,
          "rootEmpty": false,
          "_timeout": 2000
        }
      ],
      "passes": [],
      "failures": [],
      "pending": [],
      "skipped": [],
      "duration": 0,
      "root": true,
      "rootEmpty": true,
      "_timeout": 2000
    }
  ],
  "meta": {
    "mocha": {
      "version": "7.2.0"
    },
    "mochawesome": {
      "options": {
        "quiet": false,
        "reportFilename": "mochawesome",
        "saveHtml": true,
        "saveJson": true,
        "consoleReporter": "spec",
        "useInlineDiffs": false,
        "code": true
      },
      "version": "7.1.4"
    },
    "marge": {
      "options": {
        "reportDir": "cypress/reports",
        "overwrite": false,
        "html": true,
        "json": true
      },
      "version": "6.3.2"
    }
  }
}